\BOOKMARK [0][-]{chapter.1}{\376\377\000I\000n\000t\000r\000o\000d\000u\000c\000t\000i\000o\000n}{}% 1
\BOOKMARK [1][-]{section.1.1}{\376\377\000P\000r\000o\000b\000l\000e\000m}{chapter.1}% 2
\BOOKMARK [1][-]{section.1.2}{\376\377\000A\000p\000p\000r\000o\000a\000c\000h}{chapter.1}% 3
\BOOKMARK [1][-]{section.1.3}{\376\377\000O\000b\000j\000e\000c\000t\000i\000v\000e}{chapter.1}% 4
\BOOKMARK [1][-]{section.1.4}{\376\377\000P\000r\000e\000v\000i\000o\000u\000s\000\040\000w\000o\000r\000k}{chapter.1}% 5
\BOOKMARK [1][-]{section.1.5}{\376\377\000C\000o\000n\000t\000r\000i\000b\000u\000t\000i\000o\000n\000s}{chapter.1}% 6
\BOOKMARK [1][-]{section.1.6}{\376\377\000R\000o\000a\000d\000m\000a\000p}{chapter.1}% 7
\BOOKMARK [0][-]{chapter.2}{\376\377\000B\000a\000c\000k\000g\000r\000o\000u\000n\000d}{}% 8
\BOOKMARK [1][-]{section.2.1}{\376\377\000A\000n\000\040\000o\000v\000e\000r\000v\000i\000e\000w\000\040\000o\000f\000\040\000Q\000S\000D}{chapter.2}% 9
\BOOKMARK [2][-]{subsection.2.1.1}{\376\377\000O\000u\000t\000c\000o\000m\000e}{section.2.1}% 10
\BOOKMARK [2][-]{subsection.2.1.2}{\376\377\000F\000a\000i\000l\000u\000r\000e\000\040\000s\000e\000m\000a\000n\000t\000i\000c\000s}{section.2.1}% 11
\BOOKMARK [2][-]{subsection.2.1.3}{\376\377\000Q\000u\000a\000l\000i\000t\000y\000\040\000a\000t\000t\000e\000n\000u\000a\000t\000i\000o\000n\000\040\000\050\000Q\000\051}{section.2.1}% 12
\BOOKMARK [2][-]{subsection.2.1.4}{\376\377\000P\000a\000r\000t\000i\000a\000l\000\040\000o\000r\000d\000e\000r\000i\000n\000g}{section.2.1}% 13
\BOOKMARK [2][-]{subsection.2.1.5}{\376\377\000T\000i\000m\000e\000l\000i\000n\000e\000s\000s}{section.2.1}% 14
\BOOKMARK [2][-]{subsection.2.1.6}{\376\377\000Q\000T\000A\000,\000\040\000r\000e\000q\000u\000i\000r\000e\000d\000\040\000Q}{section.2.1}% 15
\BOOKMARK [2][-]{subsection.2.1.7}{\376\377\000O\000u\000t\000c\000o\000m\000e\000\040\000d\000i\000a\000g\000r\000a\000m}{section.2.1}% 16
\BOOKMARK [2][-]{subsection.2.1.8}{\376\377\000O\000u\000t\000c\000o\000m\000e\000\040\000d\000i\000a\000g\000r\000a\000m\000s\000\040\000r\000e\000f\000i\000n\000e\000m\000e\000n\000t}{section.2.1}% 17
\BOOKMARK [2][-]{subsection.2.1.9}{\376\377\000I\000n\000d\000e\000p\000e\000n\000d\000e\000n\000c\000e\000\040\000h\000y\000p\000o\000t\000h\000e\000s\000i\000s}{section.2.1}% 18
\BOOKMARK [1][-]{section.2.2}{\376\377\000O\000b\000s\000e\000r\000v\000a\000b\000i\000l\000i\000t\000y}{chapter.2}% 19
\BOOKMARK [2][-]{subsection.2.2.1}{\376\377\000e\000r\000l\000a\000n\000g\000:\000t\000r\000a\000c\000e}{section.2.2}% 20
\BOOKMARK [2][-]{subsection.2.2.2}{\376\377\000O\000p\000e\000n\000T\000e\000l\000e\000m\000e\000t\000r\000y}{section.2.2}% 21
\BOOKMARK [1][-]{section.2.3}{\376\377\000C\000u\000r\000r\000e\000n\000t\000\040\000o\000b\000s\000e\000r\000v\000a\000b\000i\000l\000i\000t\000y\000\040\000p\000r\000o\000b\000l\000e\000m\000s}{chapter.2}% 22
\BOOKMARK [2][-]{subsection.2.3.1}{\376\377\000H\000a\000n\000d\000l\000i\000n\000g\000\040\000o\000f\000\040\000l\000o\000n\000g\000\040\000s\000p\000a\000n\000s}{section.2.3}% 23
\BOOKMARK [0][-]{chapter.3}{\376\377\000D\000e\000s\000i\000g\000n}{}% 24
\BOOKMARK [1][-]{section.3.1}{\376\377\000M\000e\000a\000s\000u\000r\000e\000m\000e\000n\000t\000\040\000c\000o\000n\000c\000e\000p\000t\000s}{chapter.3}% 25
\BOOKMARK [2][-]{subsection.3.1.1}{\376\377\000P\000r\000o\000b\000e\000s}{section.3.1}% 26
\BOOKMARK [2][-]{subsection.3.1.2}{\376\377\000E\000x\000t\000e\000n\000d\000i\000n\000g\000\040\000f\000a\000i\000l\000u\000r\000e}{section.3.1}% 27
\BOOKMARK [2][-]{subsection.3.1.3}{\376\377\000T\000i\000m\000e\000\040\000s\000e\000r\000i\000e\000s\000\040\000o\000f\000\040\000o\000u\000t\000c\000o\000m\000e\000\040\000i\000n\000s\000t\000a\000n\000c\000e\000s}{section.3.1}% 28
\BOOKMARK [1][-]{section.3.2}{\376\377\000A\000p\000p\000l\000i\000c\000a\000t\000i\000o\000n\000\040\000s\000i\000d\000e}{chapter.3}% 29
\BOOKMARK [2][-]{subsection.3.2.1}{\376\377\000S\000y\000s\000t\000e\000m\000\040\000u\000n\000d\000e\000r\000\040\000t\000e\000s\000t}{section.3.2}% 30
\BOOKMARK [2][-]{subsection.3.2.2}{\376\377\000Q\000\040\000A\000d\000a\000p\000t\000e\000r}{section.3.2}% 31
\BOOKMARK [2][-]{subsection.3.2.3}{\376\377\000I\000n\000s\000e\000r\000t\000i\000n\000g\000\040\000p\000r\000o\000b\000e\000s\000\040\000i\000n\000\040\000E\000r\000l\000a\000n\000g\000\040\000-\000\040\000F\000r\000o\000m\000\040\000s\000p\000a\000n\000s\000\040\000t\000o\000\040\000o\000u\000t\000c\000o\000m\000e\000\040\000i\000n\000s\000t\000a\000n\000c\000e\000s}{section.3.2}% 32
\BOOKMARK [1][-]{section.3.3}{\376\377\000O\000s\000c\000i\000l\000l\000o\000s\000c\000o\000p\000e\000\040\000s\000i\000d\000e}{chapter.3}% 33
\BOOKMARK [2][-]{subsection.3.3.1}{\376\377\000S\000e\000r\000v\000e\000r}{section.3.3}% 34
\BOOKMARK [2][-]{subsection.3.3.2}{\376\377\000Q\000\040\000O\000s\000c\000i\000l\000l\000o\000s\000c\000o\000p\000e}{section.3.3}% 35
\BOOKMARK [2][-]{subsection.3.3.3}{\376\377\000I\000n\000s\000e\000r\000t\000i\000n\000g\000\040\000p\000r\000o\000b\000e\000s\000\040\000i\000n\000\040\000t\000h\000e\000\040\000o\000s\000c\000i\000l\000l\000o\000s\000c\000o\000p\000e}{section.3.3}% 36
\BOOKMARK [1][-]{section.3.4}{\376\377\000S\000l\000i\000d\000i\000n\000g\000\040\000e\000x\000e\000c\000u\000t\000i\000o\000n\000\040\000w\000i\000n\000d\000o\000w\000s}{chapter.3}% 37
\BOOKMARK [2][-]{subsection.3.4.1}{\376\377\000S\000a\000m\000p\000l\000i\000n\000g\000\040\000w\000i\000n\000d\000o\000w}{section.3.4}% 38
\BOOKMARK [2][-]{subsection.3.4.2}{\376\377\000P\000o\000l\000l\000i\000n\000g\000\040\000w\000i\000n\000d\000o\000w\000\040\000\050\000O\000b\000s\000e\000r\000v\000i\000n\000g\000\040\000m\000u\000l\000t\000i\000p\000l\000e\000\040\000Q\000s\000\040\000o\000v\000e\000r\000\040\000a\000\040\000t\000i\000m\000e\000\040\000i\000n\000t\000e\000r\000v\000a\000l\000\051}{section.3.4}% 39
\BOOKMARK [1][-]{section.3.5}{\376\377\000T\000r\000i\000g\000g\000e\000r\000s}{chapter.3}% 40
\BOOKMARK [2][-]{subsection.3.5.1}{\376\377\000S\000n\000a\000p\000s\000h\000o\000t}{section.3.5}% 41
\BOOKMARK [0][-]{chapter.4}{\376\377\000O\000s\000c\000i\000l\000l\000o\000s\000c\000o\000p\000e\000:\000\040\000U\000s\000e\000r\000\040\000l\000e\000v\000e\000l\000\040\000c\000o\000n\000c\000e\000p\000t\000s}{}% 42
\BOOKMARK [1][-]{section.4.1}{\376\377\000Q\000S\000D\000\040\000c\000o\000n\000c\000e\000p\000t\000s}{chapter.4}% 43
\BOOKMARK [2][-]{subsection.4.1.1}{\376\377\000R\000e\000p\000r\000e\000s\000e\000n\000t\000a\000t\000i\000o\000n\000\040\000o\000f\000\040\000a\000\040\000Q}{section.4.1}% 44
\BOOKMARK [2][-]{subsection.4.1.2}{\376\377\000d\000M\000a\000x\000\040\000=\000\040\000t\000\040\000\040\000N}{section.4.1}% 45
\BOOKMARK [2][-]{subsection.4.1.3}{\376\377\000Q\000T\000A}{section.4.1}% 46
\BOOKMARK [2][-]{subsection.4.1.4}{\376\377\000C\000o\000n\000f\000i\000d\000e\000n\000c\000e\000\040\000b\000o\000u\000n\000d\000s}{section.4.1}% 47
\BOOKMARK [1][-]{section.4.2}{\376\377\000Q\000\040\000d\000i\000s\000p\000l\000a\000y}{chapter.4}% 48
\BOOKMARK [1][-]{section.4.3}{\376\377\000O\000u\000t\000c\000o\000m\000e\000\040\000d\000i\000a\000g\000r\000a\000m}{chapter.4}% 49
\BOOKMARK [2][-]{subsection.4.3.1}{\376\377\000C\000a\000u\000s\000a\000l\000\040\000l\000i\000n\000k}{section.4.3}% 50
\BOOKMARK [2][-]{subsection.4.3.2}{\376\377\000S\000u\000b\000-\000o\000u\000t\000c\000o\000m\000e\000\040\000d\000i\000a\000g\000r\000a\000m\000s}{section.4.3}% 51
\BOOKMARK [2][-]{subsection.4.3.3}{\376\377\000O\000u\000t\000c\000o\000m\000e\000s}{section.4.3}% 52
\BOOKMARK [2][-]{subsection.4.3.4}{\376\377\000O\000p\000e\000r\000a\000t\000o\000r\000s}{section.4.3}% 53
\BOOKMARK [2][-]{subsection.4.3.5}{\376\377\000L\000i\000m\000i\000t\000a\000t\000i\000o\000n\000s}{section.4.3}% 54
\BOOKMARK [2][-]{subsection.4.3.6}{\376\377\000O\000u\000t\000c\000o\000m\000e\000\040\000d\000i\000a\000g\000r\000a\000m\000\040\000e\000x\000a\000m\000p\000l\000e}{section.4.3}% 55
\BOOKMARK [1][-]{section.4.4}{\376\377\000D\000a\000s\000h\000b\000o\000a\000r\000d}{chapter.4}% 56
\BOOKMARK [2][-]{subsection.4.4.1}{\376\377\000S\000i\000d\000e\000b\000a\000r}{section.4.4}% 57
\BOOKMARK [2][-]{subsection.4.4.2}{\376\377\000P\000l\000o\000t\000s\000\040\000w\000i\000n\000d\000o\000w}{section.4.4}% 58
\BOOKMARK [1][-]{section.4.5}{\376\377\000T\000r\000i\000g\000g\000e\000r\000s}{chapter.4}% 59
\BOOKMARK [2][-]{subsection.4.5.1}{\376\377\000L\000o\000a\000d}{section.4.5}% 60
\BOOKMARK [2][-]{subsection.4.5.2}{\376\377\000Q\000T\000A}{section.4.5}% 61
\BOOKMARK [0][-]{chapter.5}{\376\377\000O\000s\000c\000i\000l\000l\000o\000s\000c\000o\000p\000e\000:\000\040\000i\000m\000p\000l\000e\000m\000e\000n\000t\000a\000t\000i\000o\000n}{}% 62
\BOOKMARK [1][-]{section.5.1}{\376\377\000Q\000S\000D\000\040\000i\000m\000p\000l\000e\000m\000e\000n\000t\000a\000t\000i\000o\000n}{chapter.5}% 63
\BOOKMARK [2][-]{subsection.5.1.1}{\376\377\000H\000i\000s\000t\000o\000g\000r\000a\000m\000\040\000r\000e\000p\000r\000e\000s\000e\000n\000t\000a\000t\000i\000o\000n\000\040\000o\000f\000\040\000Q}{section.5.1}% 64
\BOOKMARK [2][-]{subsection.5.1.2}{\376\377\000d\000M\000a\000x}{section.5.1}% 65
\BOOKMARK [2][-]{subsection.5.1.3}{\376\377\000R\000e\000b\000i\000n\000n\000i\000n\000g}{section.5.1}% 66
\BOOKMARK [2][-]{subsection.5.1.4}{\376\377\000C\000o\000n\000v\000o\000l\000u\000t\000i\000o\000n}{section.5.1}% 67
\BOOKMARK [2][-]{subsection.5.1.5}{\376\377\000A\000r\000i\000t\000h\000m\000e\000t\000i\000c\000a\000l\000\040\000o\000p\000e\000r\000a\000t\000i\000o\000n\000s}{section.5.1}% 68
\BOOKMARK [2][-]{subsection.5.1.6}{\376\377\000C\000o\000n\000f\000i\000d\000e\000n\000c\000e\000\040\000b\000o\000u\000n\000d\000s}{section.5.1}% 69
\BOOKMARK [1][-]{section.5.2}{\376\377\000A\000d\000a\000p\000t\000e\000r}{chapter.5}% 70
\BOOKMARK [2][-]{subsection.5.2.1}{\376\377\000A\000P\000I}{section.5.2}% 71
\BOOKMARK [2][-]{subsection.5.2.2}{\376\377\000H\000a\000n\000d\000l\000i\000n\000g\000\040\000o\000u\000t\000c\000o\000m\000e\000\040\000i\000n\000s\000t\000a\000n\000c\000e\000s}{section.5.2}% 72
\BOOKMARK [2][-]{subsection.5.2.3}{\376\377\000T\000C\000P\000\040\000c\000o\000n\000n\000e\000c\000t\000i\000o\000n}{section.5.2}% 73
\BOOKMARK [1][-]{section.5.3}{\376\377\000P\000a\000r\000s\000e\000r}{chapter.5}% 74
\BOOKMARK [2][-]{subsection.5.3.1}{\376\377\000A\000N\000T\000L\000R}{section.5.3}% 75
\BOOKMARK [2][-]{subsection.5.3.2}{\376\377\000G\000r\000a\000m\000m\000a\000r}{section.5.3}% 76
\BOOKMARK [1][-]{section.5.4}{\376\377\000O\000s\000c\000i\000l\000l\000o\000s\000c\000o\000p\000e\000\040\000G\000U\000I}{chapter.5}% 77
\BOOKMARK [0][-]{chapter.6}{\376\377\000A\000p\000p\000l\000i\000c\000a\000t\000i\000o\000n\000\040\000o\000n\000\040\000s\000y\000n\000t\000h\000e\000t\000i\000c\000\040\000p\000r\000o\000g\000r\000a\000m\000s}{}% 78
\BOOKMARK [1][-]{section.6.1}{\376\377\000S\000y\000s\000t\000e\000m\000\040\000w\000i\000t\000h\000\040\000s\000e\000q\000u\000e\000n\000t\000i\000a\000l\000\040\000c\000o\000m\000p\000o\000s\000i\000t\000i\000o\000n}{chapter.6}% 79
\BOOKMARK [2][-]{subsection.6.1.1}{\376\377\000S\000y\000s\000t\000e\000m\000'\000s\000\040\000o\000u\000t\000c\000o\000m\000e\000\040\000d\000i\000a\000g\000r\000a\000m}{section.6.1}% 80
\BOOKMARK [2][-]{subsection.6.1.2}{\376\377\000D\000e\000t\000e\000r\000m\000i\000n\000i\000n\000g\000\040\000p\000a\000r\000a\000m\000e\000t\000e\000r\000s\000\040\000d\000y\000n\000a\000m\000i\000c\000a\000l\000l\000y}{section.6.1}% 81
\BOOKMARK [1][-]{section.6.2}{\376\377\000D\000e\000t\000e\000c\000t\000i\000n\000g\000\040\000s\000l\000o\000w\000e\000r\000\040\000w\000o\000r\000k\000e\000r\000s\000\040\000i\000n\000\040\000o\000p\000e\000r\000a\000t\000o\000r\000s}{chapter.6}% 82
\BOOKMARK [2][-]{subsection.6.2.1}{\376\377\000F\000i\000r\000s\000t\000\040\000t\000o\000\040\000f\000i\000n\000i\000s\000h\000\040\000a\000p\000p\000l\000i\000c\000a\000t\000i\000o\000n}{section.6.2}% 83
\BOOKMARK [2][-]{subsection.6.2.2}{\376\377\000A\000l\000l\000\040\000t\000o\000\040\000f\000i\000n\000i\000s\000h\000\040\000a\000p\000p\000l\000i\000c\000a\000t\000i\000o\000n}{section.6.2}% 84
\BOOKMARK [0][-]{chapter.7}{\376\377\000P\000e\000r\000f\000o\000r\000m\000a\000n\000c\000e\000\040\000s\000t\000u\000d\000y}{}% 85
\BOOKMARK [1][-]{section.7.1}{\376\377\000C\000o\000n\000v\000o\000l\000u\000t\000i\000o\000n\000\040\000p\000e\000r\000f\000o\000r\000m\000a\000n\000c\000e}{chapter.7}% 86
\BOOKMARK [1][-]{section.7.2}{\376\377\000Q\000\040\000a\000d\000a\000p\000t\000e\000r\000\040\000p\000e\000r\000f\000o\000r\000m\000a\000n\000c\000e}{chapter.7}% 87
\BOOKMARK [1][-]{section.7.3}{\376\377\000G\000U\000I\000\040\000p\000l\000o\000t\000t\000i\000n\000g\000\040\000p\000e\000r\000f\000o\000r\000m\000a\000n\000c\000e}{chapter.7}% 88
\BOOKMARK [0][-]{chapter.8}{\376\377\000C\000o\000n\000c\000l\000u\000s\000i\000o\000n\000s\000\040\000a\000n\000d\000\040\000f\000u\000t\000u\000r\000e\000\040\000w\000o\000r\000k}{}% 89
\BOOKMARK [1][-]{section.8.1}{\376\377\000F\000u\000t\000u\000r\000e\000\040\000i\000m\000p\000r\000o\000v\000e\000m\000e\000n\000t\000s}{chapter.8}% 90
\BOOKMARK [2][-]{subsection.8.1.1}{\376\377\000O\000s\000c\000i\000l\000l\000o\000s\000c\000o\000p\000e\000\040\000i\000m\000p\000r\000o\000v\000e\000m\000e\000n\000t\000s}{section.8.1}% 91
\BOOKMARK [2][-]{subsection.8.1.2}{\376\377\000A\000d\000a\000p\000t\000e\000r\000\040\000i\000m\000p\000r\000o\000v\000e\000m\000e\000n\000t\000s}{section.8.1}% 92
\BOOKMARK [2][-]{subsection.8.1.3}{\376\377\000R\000e\000a\000l\000\040\000a\000p\000p\000l\000i\000c\000a\000t\000i\000o\000n\000s}{section.8.1}% 93
\BOOKMARK [2][-]{subsection.8.1.4}{\376\377\000L\000i\000c\000e\000n\000s\000i\000n\000g\000\040\000l\000i\000m\000i\000t\000a\000t\000i\000o\000n\000s}{section.8.1}% 94
\BOOKMARK [0][-]{chapter*.115}{\376\377\000B\000i\000b\000l\000i\000o\000g\000r\000a\000p\000h\000y}{}% 95
\BOOKMARK [0][-]{appendix.A}{\376\377\000T\000e\000s\000t\000s\000\040\000s\000p\000e\000c\000i\000f\000i\000c\000a\000t\000i\000o\000n\000s}{}% 96
\BOOKMARK [0][-]{appendix.B}{\376\377\000O\000s\000c\000i\000l\000l\000o\000s\000c\000o\000p\000e\000\040\000s\000c\000r\000e\000e\000n\000s\000h\000o\000t\000s}{}% 97
\BOOKMARK [1][-]{section.B.1}{\376\377\000S\000y\000s\000t\000e\000m\000/\000H\000a\000n\000d\000l\000e\000\040\000p\000l\000o\000t\000s\000\040\000t\000a\000b}{appendix.B}% 98
\BOOKMARK [1][-]{section.B.2}{\376\377\000P\000a\000r\000a\000m\000e\000t\000e\000r\000s\000\040\000t\000a\000b}{appendix.B}% 99
\BOOKMARK [1][-]{section.B.3}{\376\377\000T\000r\000i\000g\000g\000e\000r\000s\000\040\000t\000a\000b}{appendix.B}% 100
\BOOKMARK [1][-]{section.B.4}{\376\377\000S\000n\000a\000p\000s\000h\000o\000t\000\040\000w\000i\000n\000d\000o\000w}{appendix.B}% 101
\BOOKMARK [1][-]{section.B.5}{\376\377\000C\000o\000n\000n\000e\000c\000t\000i\000o\000n\000\040\000c\000o\000n\000t\000r\000o\000l\000s}{appendix.B}% 102
\BOOKMARK [1][-]{section.B.6}{\376\377\000W\000i\000d\000g\000e\000t\000\040\000v\000i\000e\000w\000\040\000o\000f\000\040\000G\000U\000I}{appendix.B}% 103
\BOOKMARK [-1][-]{part.1}{\376\377\000I\000\040\000U\000s\000e\000r\000\040\000m\000a\000n\000u\000a\000l}{}% 104
\BOOKMARK [0][-]{appendix.C}{\376\377\000H\000o\000w\000\040\000t\000o\000\040\000d\000o\000w\000n\000l\000o\000a\000d\000\040\000a\000n\000d\000\040\000l\000a\000u\000n\000c\000h}{part.1}% 105
\BOOKMARK [0][-]{appendix.D}{\376\377\000O\000s\000c\000i\000l\000l\000o\000s\000c\000o\000p\000e\000:\000\040\000H\000o\000w\000\040\000t\000o\000\040\000u\000s\000e}{part.1}% 106
\BOOKMARK [1][-]{section.D.1}{\376\377\000E\000s\000t\000a\000b\000l\000i\000s\000h\000i\000n\000g\000\040\000t\000h\000e\000\040\000a\000d\000a\000p\000t\000e\000r\000\040\000-\000\040\000o\000s\000c\000i\000l\000l\000o\000s\000c\000o\000p\000e\000\040\000c\000o\000n\000n\000e\000c\000t\000i\000o\000n}{appendix.D}% 107
\BOOKMARK [1][-]{section.D.2}{\376\377\000S\000i\000d\000e\000b\000a\000r\000:\000\040\000O\000u\000t\000c\000o\000m\000e\000\040\000d\000i\000a\000g\000r\000a\000m\000\040\000a\000n\000d\000\040\000p\000l\000o\000t\000s}{appendix.D}% 108
\BOOKMARK [2][-]{subsection.D.2.1}{\376\377\000C\000r\000e\000a\000t\000i\000n\000g\000\040\000t\000h\000e\000\040\000s\000y\000s\000t\000e\000m\000/\000o\000u\000t\000c\000o\000m\000e\000\040\000d\000i\000a\000g\000r\000a\000m\000s}{section.D.2}% 109
\BOOKMARK [2][-]{subsection.D.2.2}{\376\377\000S\000a\000v\000i\000n\000g\000\040\000t\000h\000e\000\040\000s\000y\000s\000t\000e\000m\000\040\000d\000e\000f\000i\000n\000i\000t\000i\000o\000n}{section.D.2}% 110
\BOOKMARK [2][-]{subsection.D.2.3}{\376\377\000L\000o\000a\000d\000i\000n\000g\000\040\000t\000h\000e\000\040\000s\000y\000s\000t\000e\000m\000\040\000d\000e\000f\000i\000n\000i\000t\000i\000o\000n}{section.D.2}% 111
\BOOKMARK [2][-]{subsection.D.2.4}{\376\377\000C\000h\000a\000n\000g\000i\000n\000g\000\040\000t\000h\000e\000\040\000s\000a\000m\000p\000l\000i\000n\000g\000\040\000r\000a\000t\000e}{section.D.2}% 112
\BOOKMARK [2][-]{subsection.D.2.5}{\376\377\000M\000a\000n\000a\000g\000i\000n\000g\000\040\000t\000h\000e\000\040\000p\000l\000o\000t\000s}{section.D.2}% 113
\BOOKMARK [2][-]{subsection.D.2.6}{\376\377\000R\000e\000m\000o\000v\000i\000n\000g\000\040\000a\000\040\000p\000l\000o\000t}{section.D.2}% 114
\BOOKMARK [1][-]{section.D.3}{\376\377\000S\000i\000d\000e\000b\000a\000r\000:\000\040\000P\000r\000o\000b\000e\000s\000\040\000s\000e\000t\000t\000i\000n\000g\000s}{appendix.D}% 115
\BOOKMARK [2][-]{subsection.D.3.1}{\376\377\000S\000e\000t\000t\000i\000n\000g\000\040\000a\000\040\000Q\000T\000A}{section.D.3}% 116
\BOOKMARK [2][-]{subsection.D.3.2}{\376\377\000S\000e\000t\000t\000i\000n\000g\000\040\000t\000h\000e\000\040\000p\000a\000r\000a\000m\000e\000t\000e\000r\000s\000\040\000o\000f\000\040\000a\000\040\000p\000r\000o\000b\000e}{section.D.3}% 117
\BOOKMARK [1][-]{section.D.4}{\376\377\000T\000r\000i\000g\000g\000e\000r\000s}{appendix.D}% 118
\BOOKMARK [1][-]{section.D.5}{\376\377\000S\000n\000a\000p\000s\000h\000o\000t\000s}{appendix.D}% 119
\BOOKMARK [1][-]{section.D.6}{\376\377\000I\000n\000s\000t\000r\000u\000m\000e\000n\000t\000i\000n\000g\000\040\000t\000h\000e\000\040\000E\000r\000l\000a\000n\000g\000\040\000a\000p\000p\000l\000i\000c\000a\000t\000i\000o\000n}{appendix.D}% 120
\BOOKMARK [2][-]{subsection.D.6.1}{\376\377\000I\000n\000c\000l\000u\000d\000i\000n\000g\000\040\000t\000h\000e\000\040\000a\000d\000a\000p\000t\000e\000r}{section.D.6}% 121
\BOOKMARK [2][-]{subsection.D.6.2}{\376\377\000S\000t\000a\000r\000t\000i\000n\000g\000\040\000s\000p\000a\000n\000s}{section.D.6}% 122
\BOOKMARK [2][-]{subsection.D.6.3}{\376\377\000W\000i\000t\000h\000\040\000s\000p\000a\000n\000s}{section.D.6}% 123
\BOOKMARK [2][-]{subsection.D.6.4}{\376\377\000E\000n\000d\000i\000n\000g\000\040\000s\000p\000a\000n\000s}{section.D.6}% 124
\BOOKMARK [2][-]{subsection.D.6.5}{\376\377\000F\000a\000i\000l\000i\000n\000g\000\040\000o\000u\000t\000c\000o\000m\000e\000\040\000i\000n\000s\000t\000a\000n\000c\000e\000s}{section.D.6}% 125
\BOOKMARK [-1][-]{part.2}{\376\377\000I\000I\000\040\000S\000o\000u\000r\000c\000e\000\040\000C\000o\000d\000e\000\040\000A\000p\000p\000e\000n\000d\000i\000x}{}% 126
\BOOKMARK [0][-]{appendix.E}{\376\377\000G\000r\000a\000m\000m\000a\000r}{part.2}% 127
\BOOKMARK [0][-]{appendix.F}{\376\377\000C\000+\000+\000\040\000S\000o\000u\000r\000c\000e\000\040\000F\000i\000l\000e\000s}{part.2}% 128
\BOOKMARK [1][-]{section.F.1}{\376\377\000R\000o\000o\000t\000\040\000f\000o\000l\000d\000e\000r}{appendix.F}% 129
\BOOKMARK [2][-]{subsection.F.1.1}{\376\377\000m\000a\000i\000n\000.\000c\000p\000p}{section.F.1}% 130
\BOOKMARK [2][-]{subsection.F.1.2}{\376\377\000A\000p\000p\000l\000i\000c\000a\000t\000i\000o\000n\000.\000c\000p\000p}{section.F.1}% 131
\BOOKMARK [1][-]{section.F.2}{\376\377\000D\000a\000s\000h\000b\000o\000a\000r\000d}{appendix.F}% 132
\BOOKMARK [2][-]{subsection.F.2.1}{\376\377\000C\000o\000l\000o\000r\000R\000e\000g\000i\000s\000t\000r\000y\000.\000c\000p\000p}{section.F.2}% 133
\BOOKMARK [2][-]{subsection.F.2.2}{\376\377\000C\000u\000s\000t\000o\000m\000L\000e\000g\000e\000n\000d\000E\000n\000t\000r\000y\000.\000c\000p\000p}{section.F.2}% 134
\BOOKMARK [2][-]{subsection.F.2.3}{\376\377\000C\000u\000s\000t\000o\000m\000L\000e\000g\000e\000n\000d\000P\000a\000n\000e\000l\000.\000c\000p\000p}{section.F.2}% 135
\BOOKMARK [2][-]{subsection.F.2.4}{\376\377\000D\000Q\000P\000l\000o\000t\000C\000o\000n\000t\000r\000o\000l\000l\000e\000r\000.\000c\000p\000p}{section.F.2}% 136
\BOOKMARK [2][-]{subsection.F.2.5}{\376\377\000D\000Q\000P\000l\000o\000t\000L\000i\000s\000t\000.\000c\000p\000p}{section.F.2}% 137
\BOOKMARK [2][-]{subsection.F.2.6}{\376\377\000D\000e\000l\000a\000y\000S\000e\000t\000t\000i\000n\000g\000s\000W\000i\000d\000g\000e\000t\000.\000c\000p\000p}{section.F.2}% 138
\BOOKMARK [2][-]{subsection.F.2.7}{\376\377\000D\000e\000l\000t\000a\000Q\000P\000l\000o\000t\000.\000c\000p\000p}{section.F.2}% 139
\BOOKMARK [2][-]{subsection.F.2.8}{\376\377\000M\000a\000i\000n\000W\000i\000n\000d\000o\000w\000.\000c\000p\000p}{section.F.2}% 140
\BOOKMARK [2][-]{subsection.F.2.9}{\376\377\000N\000e\000w\000P\000l\000o\000t\000L\000i\000s\000t\000.\000c\000p\000p}{section.F.2}% 141
\BOOKMARK [2][-]{subsection.F.2.10}{\376\377\000O\000b\000s\000e\000r\000v\000a\000b\000l\000e\000S\000e\000t\000t\000i\000n\000g\000s\000.\000c\000p\000p}{section.F.2}% 142
\BOOKMARK [2][-]{subsection.F.2.11}{\376\377\000S\000a\000m\000p\000l\000i\000n\000g\000R\000a\000t\000e\000W\000i\000d\000g\000e\000t\000.\000c\000p\000p}{section.F.2}% 143
\BOOKMARK [2][-]{subsection.F.2.12}{\376\377\000Q\000T\000A\000I\000n\000p\000u\000t\000W\000i\000d\000g\000e\000t\000.\000c\000p\000p}{section.F.2}% 144
\BOOKMARK [2][-]{subsection.F.2.13}{\376\377\000S\000i\000d\000e\000b\000a\000r\000.\000c\000p\000p}{section.F.2}% 145
\BOOKMARK [2][-]{subsection.F.2.14}{\376\377\000S\000n\000a\000p\000s\000h\000o\000t\000V\000i\000e\000w\000e\000r\000W\000i\000n\000d\000o\000w\000.\000c\000p\000p}{section.F.2}% 146
\BOOKMARK [2][-]{subsection.F.2.15}{\376\377\000S\000t\000u\000b\000C\000o\000n\000t\000r\000o\000l\000W\000i\000d\000g\000e\000t\000.\000c\000p\000p}{section.F.2}% 147
\BOOKMARK [2][-]{subsection.F.2.16}{\376\377\000S\000y\000s\000t\000e\000m\000C\000r\000e\000a\000t\000i\000o\000n\000W\000i\000d\000g\000e\000t\000.\000c\000p\000p}{section.F.2}% 148
\BOOKMARK [2][-]{subsection.F.2.17}{\376\377\000T\000r\000i\000g\000g\000e\000r\000s\000T\000a\000b\000.\000c\000p\000p}{section.F.2}% 149
\BOOKMARK [1][-]{section.F.3}{\376\377\000O\000u\000t\000c\000o\000m\000e\000\040\000d\000i\000a\000g\000r\000a\000m}{appendix.F}% 150
\BOOKMARK [2][-]{subsection.F.3.1}{\376\377\000O\000b\000s\000e\000r\000v\000a\000b\000l\000e\000.\000c\000p\000p}{section.F.3}% 151
\BOOKMARK [2][-]{subsection.F.3.2}{\376\377\000O\000p\000e\000r\000a\000t\000o\000r\000.\000c\000p\000p}{section.F.3}% 152
\BOOKMARK [2][-]{subsection.F.3.3}{\376\377\000O\000u\000t\000c\000o\000m\000e\000.\000c\000p\000p}{section.F.3}% 153
\BOOKMARK [2][-]{subsection.F.3.4}{\376\377\000P\000r\000o\000b\000e\000.\000c\000p\000p}{section.F.3}% 154
\BOOKMARK [2][-]{subsection.F.3.5}{\376\377\000S\000y\000s\000t\000e\000m\000.\000c\000p\000p}{section.F.3}% 155
\BOOKMARK [1][-]{section.F.4}{\376\377\000Q\000\040\000\050\000m\000a\000t\000h\000s\000\051}{appendix.F}% 156
\BOOKMARK [2][-]{subsection.F.4.1}{\376\377\000C\000o\000n\000f\000i\000d\000e\000n\000c\000e\000I\000n\000t\000e\000r\000v\000a\000l\000.\000c\000p\000p}{section.F.4}% 157
\BOOKMARK [2][-]{subsection.F.4.2}{\376\377\000D\000e\000l\000t\000a\000Q\000.\000c\000p\000p}{section.F.4}% 158
\BOOKMARK [2][-]{subsection.F.4.3}{\376\377\000D\000e\000l\000t\000a\000Q\000O\000p\000e\000r\000a\000t\000i\000o\000n\000s\000.\000c\000p\000p}{section.F.4}% 159
\BOOKMARK [2][-]{subsection.F.4.4}{\376\377\000S\000n\000a\000p\000s\000h\000o\000t\000.\000c\000p\000p}{section.F.4}% 160
\BOOKMARK [2][-]{subsection.F.4.5}{\376\377\000T\000r\000i\000g\000g\000e\000r\000M\000a\000n\000a\000g\000e\000r\000.\000c\000p\000p}{section.F.4}% 161
\BOOKMARK [2][-]{subsection.F.4.6}{\376\377\000T\000r\000i\000g\000g\000e\000r\000s\000.\000c\000p\000p}{section.F.4}% 162
\BOOKMARK [1][-]{section.F.5}{\376\377\000p\000a\000r\000s\000e\000r}{appendix.F}% 163
\BOOKMARK [2][-]{subsection.F.5.1}{\376\377\000S\000y\000s\000t\000e\000m\000B\000u\000i\000l\000d\000e\000r\000.\000c\000p\000p}{section.F.5}% 164
\BOOKMARK [2][-]{subsection.F.5.2}{\376\377\000S\000y\000s\000t\000e\000m\000P\000a\000r\000s\000e\000r\000I\000n\000t\000e\000r\000f\000a\000c\000e\000.\000c\000p\000p}{section.F.5}% 165
\BOOKMARK [1][-]{section.F.6}{\376\377\000s\000e\000r\000v\000e\000r}{appendix.F}% 166
\BOOKMARK [2][-]{subsection.F.6.1}{\376\377\000S\000e\000r\000v\000e\000r\000.\000c\000p\000p}{section.F.6}% 167
\BOOKMARK [0][-]{appendix.G}{\376\377\000C\000+\000+\000\040\000H\000e\000a\000d\000e\000r\000\040\000F\000i\000l\000e\000s}{part.2}% 168
\BOOKMARK [1][-]{section.G.1}{\376\377\000R\000o\000o\000t}{appendix.G}% 169
\BOOKMARK [2][-]{subsection.G.1.1}{\376\377\000A\000p\000p\000l\000i\000c\000a\000t\000i\000o\000n\000.\000h}{section.G.1}% 170
\BOOKMARK [1][-]{section.G.2}{\376\377\000d\000a\000s\000h\000b\000o\000a\000r\000d}{appendix.G}% 171
\BOOKMARK [2][-]{subsection.G.2.1}{\376\377\000C\000o\000l\000o\000r\000R\000e\000g\000i\000s\000t\000r\000y\000.\000h}{section.G.2}% 172
\BOOKMARK [2][-]{subsection.G.2.2}{\376\377\000C\000u\000s\000t\000o\000m\000L\000e\000g\000e\000n\000d\000E\000n\000t\000r\000y\000.\000h}{section.G.2}% 173
\BOOKMARK [2][-]{subsection.G.2.3}{\376\377\000C\000u\000s\000t\000o\000m\000L\000e\000g\000e\000n\000d\000P\000a\000n\000e\000l\000.\000h}{section.G.2}% 174
\BOOKMARK [2][-]{subsection.G.2.4}{\376\377\000D\000Q\000P\000l\000o\000t\000C\000o\000n\000t\000r\000o\000l\000l\000e\000r\000.\000h}{section.G.2}% 175
\BOOKMARK [2][-]{subsection.G.2.5}{\376\377\000D\000Q\000P\000l\000o\000t\000L\000i\000s\000t\000.\000h}{section.G.2}% 176
\BOOKMARK [2][-]{subsection.G.2.6}{\376\377\000D\000e\000l\000a\000y\000S\000e\000t\000t\000i\000n\000g\000s\000W\000i\000d\000g\000e\000t\000.\000h}{section.G.2}% 177
\BOOKMARK [2][-]{subsection.G.2.7}{\376\377\000D\000e\000l\000t\000a\000Q\000P\000l\000o\000t\000.\000h}{section.G.2}% 178
\BOOKMARK [2][-]{subsection.G.2.8}{\376\377\000M\000a\000i\000n\000W\000i\000n\000d\000o\000w\000.\000h}{section.G.2}% 179
\BOOKMARK [2][-]{subsection.G.2.9}{\376\377\000N\000e\000w\000P\000l\000o\000t\000L\000i\000s\000t\000.\000h}{section.G.2}% 180
\BOOKMARK [2][-]{subsection.G.2.10}{\376\377\000O\000b\000s\000e\000r\000v\000a\000b\000l\000e\000S\000e\000t\000t\000i\000n\000g\000s\000.\000h}{section.G.2}% 181
\BOOKMARK [2][-]{subsection.G.2.11}{\376\377\000S\000a\000m\000p\000l\000i\000n\000g\000R\000a\000t\000e\000W\000i\000d\000g\000e\000t\000.\000h}{section.G.2}% 182
\BOOKMARK [2][-]{subsection.G.2.12}{\376\377\000Q\000T\000A\000I\000n\000p\000u\000t\000W\000i\000d\000g\000e\000t\000.\000h}{section.G.2}% 183
\BOOKMARK [2][-]{subsection.G.2.13}{\376\377\000S\000i\000d\000e\000b\000a\000r\000.\000h}{section.G.2}% 184
\BOOKMARK [2][-]{subsection.G.2.14}{\376\377\000S\000n\000a\000p\000s\000h\000o\000t\000V\000i\000e\000w\000e\000r\000W\000i\000n\000d\000o\000w\000.\000h}{section.G.2}% 185
\BOOKMARK [2][-]{subsection.G.2.15}{\376\377\000S\000t\000u\000b\000C\000o\000n\000t\000r\000o\000l\000W\000i\000d\000g\000e\000t\000.\000h}{section.G.2}% 186
\BOOKMARK [2][-]{subsection.G.2.16}{\376\377\000S\000y\000s\000t\000e\000m\000C\000r\000e\000a\000t\000i\000o\000n\000W\000i\000d\000g\000e\000t\000.\000h}{section.G.2}% 187
\BOOKMARK [2][-]{subsection.G.2.17}{\376\377\000T\000r\000i\000g\000g\000e\000r\000s\000T\000a\000b\000.\000h}{section.G.2}% 188
\BOOKMARK [1][-]{section.G.3}{\376\377\000d\000i\000a\000g\000r\000a\000m}{appendix.G}% 189
\BOOKMARK [2][-]{subsection.G.3.1}{\376\377\000O\000b\000s\000e\000r\000v\000a\000b\000l\000e\000.\000h}{section.G.3}% 190
\BOOKMARK [2][-]{subsection.G.3.2}{\376\377\000O\000p\000e\000r\000a\000t\000o\000r\000.\000h}{section.G.3}% 191
\BOOKMARK [2][-]{subsection.G.3.3}{\376\377\000O\000p\000e\000r\000a\000t\000o\000r\000T\000y\000p\000e\000.\000h}{section.G.3}% 192
\BOOKMARK [2][-]{subsection.G.3.4}{\376\377\000O\000u\000t\000c\000o\000m\000e\000.\000h}{section.G.3}% 193
\BOOKMARK [2][-]{subsection.G.3.5}{\376\377\000P\000r\000o\000b\000e\000.\000h}{section.G.3}% 194
\BOOKMARK [2][-]{subsection.G.3.6}{\376\377\000S\000a\000m\000p\000l\000e\000.\000h}{section.G.3}% 195
\BOOKMARK [2][-]{subsection.G.3.7}{\376\377\000S\000y\000s\000t\000e\000m\000.\000h}{section.G.3}% 196
\BOOKMARK [1][-]{section.G.4}{\376\377\000Q\000\040\000\050\000m\000a\000t\000h\000s\000\051}{appendix.G}% 197
\BOOKMARK [2][-]{subsection.G.4.1}{\376\377\000C\000o\000n\000f\000i\000d\000e\000n\000c\000e\000I\000n\000t\000e\000r\000v\000a\000l\000.\000h}{section.G.4}% 198
\BOOKMARK [2][-]{subsection.G.4.2}{\376\377\000D\000e\000l\000t\000a\000Q\000.\000h}{section.G.4}% 199
\BOOKMARK [2][-]{subsection.G.4.3}{\376\377\000D\000e\000l\000t\000a\000Q\000O\000p\000e\000r\000a\000t\000i\000o\000n\000s\000.\000h}{section.G.4}% 200
\BOOKMARK [2][-]{subsection.G.4.4}{\376\377\000D\000e\000l\000t\000a\000Q\000R\000e\000p\000r\000.\000h}{section.G.4}% 201
\BOOKMARK [2][-]{subsection.G.4.5}{\376\377\000Q\000T\000A\000.\000h}{section.G.4}% 202
\BOOKMARK [2][-]{subsection.G.4.6}{\376\377\000S\000n\000a\000p\000s\000h\000o\000t\000.\000h}{section.G.4}% 203
\BOOKMARK [2][-]{subsection.G.4.7}{\376\377\000T\000r\000i\000g\000g\000e\000r\000M\000a\000n\000a\000g\000e\000r\000.\000h}{section.G.4}% 204
\BOOKMARK [2][-]{subsection.G.4.8}{\376\377\000T\000r\000i\000g\000g\000e\000r\000T\000y\000p\000e\000s\000.\000h}{section.G.4}% 205
\BOOKMARK [2][-]{subsection.G.4.9}{\376\377\000T\000r\000i\000g\000g\000e\000r\000s\000.\000h}{section.G.4}% 206
\BOOKMARK [1][-]{section.G.5}{\376\377\000p\000a\000r\000s\000e\000r}{appendix.G}% 207
\BOOKMARK [2][-]{subsection.G.5.1}{\376\377\000S\000y\000s\000t\000e\000m\000B\000u\000i\000l\000d\000e\000r\000.\000h}{section.G.5}% 208
\BOOKMARK [2][-]{subsection.G.5.2}{\376\377\000S\000y\000s\000t\000e\000m\000E\000r\000r\000o\000r\000L\000i\000s\000t\000e\000n\000e\000r\000.\000h}{section.G.5}% 209
\BOOKMARK [2][-]{subsection.G.5.3}{\376\377\000S\000y\000s\000t\000e\000m\000P\000a\000r\000s\000e\000r\000I\000n\000t\000e\000r\000f\000a\000c\000e\000.\000h}{section.G.5}% 210
\BOOKMARK [1][-]{section.G.6}{\376\377\000s\000e\000r\000v\000e\000r}{appendix.G}% 211
\BOOKMARK [2][-]{subsection.G.6.1}{\376\377\000S\000e\000r\000v\000e\000r\000.\000h}{section.G.6}% 212
\BOOKMARK [0][-]{appendix.H}{\376\377\000B\000u\000i\000l\000d\000\040\000C\000o\000n\000f\000i\000g\000u\000r\000a\000t\000i\000o\000n\000\040\000F\000i\000l\000e\000s}{part.2}% 213
\BOOKMARK [1][-]{section.H.1}{\376\377\000s\000r\000c\000/\000C\000M\000a\000k\000e\000L\000i\000s\000t\000s\000.\000t\000x\000t}{appendix.H}% 214
\BOOKMARK [1][-]{section.H.2}{\376\377\000d\000a\000s\000h\000b\000o\000a\000r\000d\000/\000C\000M\000a\000k\000e\000L\000i\000s\000t\000s\000.\000t\000x\000t}{appendix.H}% 215
\BOOKMARK [1][-]{section.H.3}{\376\377\000d\000i\000a\000g\000r\000a\000m\000/\000C\000M\000a\000k\000e\000L\000i\000s\000t\000s\000.\000t\000x\000t}{appendix.H}% 216
\BOOKMARK [1][-]{section.H.4}{\376\377\000m\000a\000t\000h\000s\000/\000C\000M\000a\000k\000e\000L\000i\000s\000t\000s\000.\000t\000x\000t}{appendix.H}% 217
\BOOKMARK [1][-]{section.H.5}{\376\377\000p\000a\000r\000s\000e\000r\000/\000C\000M\000a\000k\000e\000L\000i\000s\000t\000s\000.\000t\000x\000t}{appendix.H}% 218
\BOOKMARK [1][-]{section.H.6}{\376\377\000s\000e\000r\000v\000e\000r\000/\000C\000M\000a\000k\000e\000L\000i\000s\000t\000s\000.\000t\000x\000t}{appendix.H}% 219
\BOOKMARK [0][-]{appendix.I}{\376\377\000E\000r\000l\000a\000n\000g\000\040\000S\000o\000u\000r\000c\000e\000\040\000F\000i\000l\000e\000s}{part.2}% 220
\BOOKMARK [1][-]{section.I.1}{\376\377\000R\000o\000o\000t}{appendix.I}% 221
\BOOKMARK [2][-]{subsection.I.1.1}{\376\377\000d\000q\000s\000d\000\137\000o\000t\000e\000l\000.\000e\000r\000l}{section.I.1}% 222
\BOOKMARK [2][-]{subsection.I.1.2}{\376\377\000d\000q\000s\000d\000\137\000o\000t\000e\000l\000\137\000a\000p\000p\000.\000e\000r\000l}{section.I.1}% 223
\BOOKMARK [2][-]{subsection.I.1.3}{\376\377\000d\000q\000s\000d\000\137\000o\000t\000e\000l\000\137\000s\000u\000p\000.\000e\000r\000l}{section.I.1}% 224
\BOOKMARK [2][-]{subsection.I.1.4}{\376\377\000d\000q\000s\000d\000\137\000o\000t\000e\000l\000\137\000t\000c\000p\000\137\000c\000l\000i\000e\000n\000t\000.\000e\000r\000l}{section.I.1}% 225
\BOOKMARK [2][-]{subsection.I.1.5}{\376\377\000d\000q\000s\000d\000\137\000o\000t\000e\000l\000\137\000t\000c\000p\000\137\000s\000e\000r\000v\000e\000r\000.\000e\000r\000l}{section.I.1}% 226
\BOOKMARK [0][-]{appendix.J}{\376\377\000E\000r\000l\000a\000n\000g\000\040\000A\000p\000p\000l\000i\000c\000a\000t\000i\000o\000n\000\040\000F\000i\000l\000e\000s}{part.2}% 227
\BOOKMARK [1][-]{section.J.1}{\376\377\000R\000o\000o\000t}{appendix.J}% 228
\BOOKMARK [2][-]{subsection.J.1.1}{\376\377\000d\000q\000s\000d\000\137\000o\000t\000e\000l\000.\000a\000p\000p\000.\000s\000r\000c}{section.J.1}% 229
